
        ***********************************************************************
                           Generation of Conformers (GeCoS)
                         -----------------------------------
                         
                                    Version 0.1
                         
                                  Dr. Javier Ramos
                          Macromolecular Physics Department
                    Instituto de Estructura de la Materia (IEM-CSIC)
                                   Madrid (Spain)
                                   
                GeCoS is an open-source python library to quickly generate
                conformers of small molecules or polymer segments 
                using RdKit and OpenBabel libraries. Once, the
                conformers are generated, QM optimizations and subsequent 
                clustering can be done.
                
                This software is distributed under the terms of the
                GNU General Public License v3.0 (GNU GPLv3). A copy of 
                the license (LICENSE.txt) is included with this distribution. 
                
        ***********************************************************************
                     
        
		******** CREATION OF THE GECOS PYBABEL OBJECT ********

		Conformers will be generated with openbabel library (https://openbabel.org/wiki/Python, https://openbabel.github.io/api/3.0/index.shtml)

		Molecular file seed  : /home/jramos/PycharmProjects/GeCos/examples/06-PVA_trueno_openbabel_mp2/PVA_C5.pdb
		Bond Perception: True

		Formula          = C5H12O
		Number of atoms  = 18
		Molecular weight = 88.15 g/mol
		Rotable bonds    = 2 (does not include CH3 groups)
		Number of rings  = 0
		******** CREATION OF THE GECOS PYBABEL OBJECT ********


		**************** GENERATE CONFORMERS ***************
		 1. Generating conformers with openbabel (4000)
			Molecule = /home/jramos/PycharmProjects/GeCos/examples/06-PVA_trueno_openbabel_mp2/PVA_C5.pdb
			Number of rotatable bonds = 2
			Force Field = MMFF94 force field.
			Conformer Searching = ConFab
			Options: rmsd_cutoff = 0.5 A, nconfs = 4000
			Options: energy_cutoff = 50.0 kcal/mol, confab_verbose = False
			 ** CONFAB has generated 6 conformers **
		 2. Minimizing 6 conformers. Max_iters = 3000 (19-09-2021 19:55:05)
			 Using MMFF forcefield
		 3. Cluster Conformers (19-09-2021 19:55:05)
			6 conformers generated grouped in 5 clusters (rmsd_threshold= 1.0 angstroms)
		 4. Get structure of minimum energy for each cluster (19-09-2021 19:55:05)
		 5. Write Conformers to MOL2 (19-09-2021 19:55:05)
			Filename: /home/jramos/PycharmProjects/GeCos/examples/06-PVA_trueno_openbabel_mp2/06-PVA_cluster_ob_optMM_trj.mol2
		**************** GENERATE CONFORMERS ***************


		**************** CONFORMER MM ENERGIES ***************

		Cluster Conformer_ID  MMFF_energy(kcal/mol)  Relative_energy(kcal/mol) Highest energy(kcal/mol) nelements
		------------------------------------------------------------------------------------------------------------
		   1         0                1.41                       0.00                     1.49           2    
		   2         2                1.66                       0.25                     1.66           1    
		   3         3                1.79                       0.38                     1.79           1    
		   4         5                2.14                       0.73                     2.14           1    
		   5         4                2.20                       0.79                     2.20           1    
		**************** CONFORMER MM ENERGIES ***************

		**************** OPTIMIZE CONFORMERS USING GAUSSIAN16 ***************
			1. Connected to trueno.csic.es (19-09-2021 19:55:06)
			   Database /home/jramos/PycharmProjects/GeCos/examples/06-PVA_trueno_openbabel_mp2/06-PVA_trueno.db created
			2. Prepare SLURM script for each conformer (19-09-2021 19:55:06).
			3. Send input files (com and sh) to server. (19-09-2021 19:55:06)
			   Prepare and send full.sh script.
			   Update database.
			4. Send QM calculations to server. (19-09-2021 19:55:07)
			5. Close connection
		**************** OPTIMIZE CONFORMERS USING GAUSSIAN16 ***************

		**************** SUMMARY ***************

		Localdir                      : /home/jramos/PycharmProjects/GeCos/examples/06-PVA_trueno_openbabel_mp2/
		Database                      : /home/jramos/PycharmProjects/GeCos/examples/06-PVA_trueno_openbabel_mp2/06-PVA_trueno.db
		Trajectory file MM conformers : 06-PVA_conf_min_trj.pdb
		Directory with QM files       : 06-PVA_g16_conformers/

		#              Name_job               DeltaE_QM(kcal/mol) RMSD(A)  RMSD_incluster(A) Cluster_QM
		# =============================================================================================
		         06-PVA_000_gaussian                 0.00          0.000         0.000           1     
		         06-PVA_003_gaussian                 0.39          0.679         0.679           1     
		         06-PVA_002_gaussian                 0.57          0.680         0.680           1     
		         06-PVA_004_gaussian                 0.94          0.689         0.689           1     
		         06-PVA_005_gaussian                 0.93          1.030         0.000           2     

		## Optimized conformers:
			06-PVA_000_gaussian_allign.mol2
			06-PVA_005_gaussian_allign.mol2
		## Optimized conformers:

			-------- ATTENTION --------
			You should remove the files in /home/cfmac/jramos/GECOS/test-06_PVA_openbabel
			from the server trueno.csic.es
			-------- ATTENTION --------

		**************** SUMMARY ***************


		 Job Finnished: 21-09-2021 16:05:50

