
        ***********************************************************************
                           Generation of Conformers (GeCoS)
                         -----------------------------------
                         
                                    Version 0.1
                         
                                  Dr. Javier Ramos
                          Macromolecular Physics Department
                    Instituto de Estructura de la Materia (IEM-CSIC)
                                   Madrid (Spain)
                                   
                GeCoS is an open-source python library to quickly generate
                conformers of small molecules or polymer segments 
                using RdKit and OpenBabel libraries. Once, the
                conformers are generated, QM optimizations and subsequent 
                clustering can be done.
                
                This software is distributed under the terms of the
                GNU General Public License v3.0 (GNU GPLv3). A copy of 
                the license (LICENSE.txt) is included with this distribution. 
                
        ***********************************************************************
                     
        
		******** CREATION OF THE GECOS EXTRACT NEIGHBORS OBJECT ********

		Conformers will be extracted from a frame of a MD simulation.
		 Find number of molecules in the frame.(08-09-2023 17:33:05)

		Formula             = C500H1200O100
		Number of atoms     = 1800
		Molecular weight    = 8814.82 g/mol
		Number of rings     = 0
		Number of molecules = 100
		******** CREATION OF THE GECOS EXTRACT NEIGHBORS OBJECT ********


		**************** EXTRACT CONFORMERS ***************
		 1. Unwrapping molecules to calculate center of masses (08-09-2023 17:33:05)
		 2. Calculating center of masses (08-09-2023 17:33:05)
		 3. Wrapping atoms to visualize (wrapper_atoms.pdb) (08-09-2023 17:33:05)
		 4. Extracting conformations from frame (08-09-2023 17:33:05)
		    4.a Using method SPHERE_MINATOM with radius 3.0 angstroms (08-09-2023 17:33:05)
		    4.b Extracting pairs (08-09-2023 17:33:05)
		        Number of pairs created = 605
		**************** EXTRACT CONFORMERS ***************

		**************** OPTIMIZE CONFORMERS USING GAUSSIAN16 ***************
			1. Connected to 161.111.25.96 (08-09-2023 17:33:09)
			   Database /home/jramos/Programacion/GITHUB_REPO_DIR/gecos2/examples/08-Extract_molecules_fromtrj/MD_extract.db created
			2. Prepare SLURM script for each conformer (08-09-2023 17:33:09).
			3. Send input files (com and sh) to server. (08-09-2023 17:33:09)
			   Prepare and send full.sh script.
			   Update database.
			4. Send QM calculations to server. (08-09-2023 17:33:14)
			5. Close connection
		**************** OPTIMIZE CONFORMERS USING GAUSSIAN16 ***************

		Number of logs completed from server : 0
		Number of logs failed in server      : 0
		Number of logs in server             : 605

		**************** SUMMARY ***************

		Localdir                      : /home/jramos/Programacion/GITHUB_REPO_DIR/gecos2/examples/08-Extract_molecules_fromtrj
		Database                      : /home/jramos/Programacion/GITHUB_REPO_DIR/gecos2/examples/08-Extract_molecules_fromtrj/MD_extract.db
		Trajectory file MM conformers : MD_extract_conf_min_trj.pdb
		Directory with QM files       : MD_extract_g16_results/

		#              Name_job               DeltaE_QM(kcal/mol) RMSD(A)  RMSD_incluster(A) Cluster_QM
		# =============================================================================================
		        C10H24O2_pair_000_030              999999.90       -0.100       -0.100           -1    
		        C10H24O2_pair_000_038              999999.90       -0.100       -0.100           -1    
		        C10H24O2_pair_000_041              999999.90       -0.100       -0.100           -1    
		        C10H24O2_pair_000_042              999999.90       -0.100       -0.100           -1    
		        C10H24O2_pair_000_048              999999.90       -0.100       -0.100           -1    
		        C10H24O2_pair_000_049              999999.90       -0.100       -0.100           -1    
		        C10H24O2_pair_000_050              999999.90       -0.100       -0.100           -1    
		        C10H24O2_pair_000_061              999999.90       -0.100       -0.100           -1    
		        C10H24O2_pair_000_069              999999.90       -0.100       -0.100           -1    
		        C10H24O2_pair_000_071              999999.90       -0.100       -0.100           -1    
		        C10H24O2_pair_000_074              999999.90       -0.100       -0.100           -1    
		        C10H24O2_pair_000_076              999999.90       -0.100       -0.100           -1    
		        C10H24O2_pair_001_015              999999.90       -0.100       -0.100           -1    
		        C10H24O2_pair_001_019              999999.90       -0.100       -0.100           -1    
		        C10H24O2_pair_001_024              999999.90       -0.100       -0.100           -1    
		        C10H24O2_pair_001_043              999999.90       -0.100       -0.100           -1    
		        C10H24O2_pair_001_050              999999.90       -0.100       -0.100           -1    
		        C10H24O2_pair_001_062              999999.90       -0.100       -0.100           -1    
		        C10H24O2_pair_001_064              999999.90       -0.100       -0.100           -1    
		        C10H24O2_pair_001_065              999999.90       -0.100       -0.100           -1    
		        C10H24O2_pair_001_084              999999.90       -0.100       -0.100           -1    
		        C10H24O2_pair_001_095              999999.90       -0.100       -0.100           -1    
		        C10H24O2_pair_001_097              999999.90       -0.100       -0.100           -1    
		        C10H24O2_pair_002_004              999999.90       -0.100       -0.100           -1    
		        C10H24O2_pair_002_008              999999.90       -0.100       -0.100           -1    
		        C10H24O2_pair_002_009              999999.90       -0.100       -0.100           -1    
		        C10H24O2_pair_002_022              999999.90       -0.100       -0.100           -1    
		        C10H24O2_pair_002_023              999999.90       -0.100       -0.100           -1    
		        C10H24O2_pair_002_025              999999.90       -0.100       -0.100           -1    
		        C10H24O2_pair_002_031              999999.90       -0.100       -0.100           -1    
		        C10H24O2_pair_002_051              999999.90       -0.100       -0.100           -1    
		        C10H24O2_pair_002_057              999999.90       -0.100       -0.100           -1    
		        C10H24O2_pair_002_075              999999.90       -0.100       -0.100           -1    
		        C10H24O2_pair_002_085              999999.90       -0.100       -0.100           -1    
		        C10H24O2_pair_002_086              999999.90       -0.100       -0.100           -1    
		        C10H24O2_pair_002_099              999999.90       -0.100       -0.100           -1    
		        C10H24O2_pair_003_004              999999.90       -0.100       -0.100           -1    
		        C10H24O2_pair_003_008              999999.90       -0.100       -0.100           -1    
		        C10H24O2_pair_003_020              999999.90       -0.100       -0.100           -1    
		        C10H24O2_pair_003_021              999999.90       -0.100       -0.100           -1    
		        C10H24O2_pair_003_033              999999.90       -0.100       -0.100           -1    
		        C10H24O2_pair_003_039              999999.90       -0.100       -0.100           -1    
		        C10H24O2_pair_003_045              999999.90       -0.100       -0.100           -1    
		        C10H24O2_pair_003_060              999999.90       -0.100       -0.100           -1    
		        C10H24O2_pair_003_066              999999.90       -0.100       -0.100           -1    
		        C10H24O2_pair_003_077              999999.90       -0.100       -0.100           -1    
		        C10H24O2_pair_003_099              999999.90       -0.100       -0.100           -1    
		        C10H24O2_pair_004_007              999999.90       -0.100       -0.100           -1    
		        C10H24O2_pair_004_008              999999.90       -0.100       -0.100           -1    
		        C10H24O2_pair_004_027              999999.90       -0.100       -0.100           -1    
		        C10H24O2_pair_004_039              999999.90       -0.100       -0.100           -1    
		        C10H24O2_pair_004_051              999999.90       -0.100       -0.100           -1    
		        C10H24O2_pair_004_058              999999.90       -0.100       -0.100           -1    
		        C10H24O2_pair_004_066              999999.90       -0.100       -0.100           -1    
		        C10H24O2_pair_004_085              999999.90       -0.100       -0.100           -1    
		        C10H24O2_pair_004_086              999999.90       -0.100       -0.100           -1    
		        C10H24O2_pair_005_024              999999.90       -0.100       -0.100           -1    
		        C10H24O2_pair_005_033              999999.90       -0.100       -0.100           -1    
		        C10H24O2_pair_005_038              999999.90       -0.100       -0.100           -1    
		        C10H24O2_pair_005_043              999999.90       -0.100       -0.100           -1    
		        C10H24O2_pair_005_064              999999.90       -0.100       -0.100           -1    
		        C10H24O2_pair_005_067              999999.90       -0.100       -0.100           -1    
		        C10H24O2_pair_005_070              999999.90       -0.100       -0.100           -1    
		        C10H24O2_pair_005_073              999999.90       -0.100       -0.100           -1    
		        C10H24O2_pair_005_077              999999.90       -0.100       -0.100           -1    
		        C10H24O2_pair_005_088              999999.90       -0.100       -0.100           -1    
		        C10H24O2_pair_005_089              999999.90       -0.100       -0.100           -1    
		        C10H24O2_pair_005_096              999999.90       -0.100       -0.100           -1    
		        C10H24O2_pair_006_009              999999.90       -0.100       -0.100           -1    
		        C10H24O2_pair_006_010              999999.90       -0.100       -0.100           -1    
		        C10H24O2_pair_006_018              999999.90       -0.100       -0.100           -1    
		        C10H24O2_pair_006_027              999999.90       -0.100       -0.100           -1    
		        C10H24O2_pair_006_034              999999.90       -0.100       -0.100           -1    
		        C10H24O2_pair_006_039              999999.90       -0.100       -0.100           -1    
		        C10H24O2_pair_006_063              999999.90       -0.100       -0.100           -1    
		        C10H24O2_pair_006_072              999999.90       -0.100       -0.100           -1    
		        C10H24O2_pair_006_073              999999.90       -0.100       -0.100           -1    
		        C10H24O2_pair_006_080              999999.90       -0.100       -0.100           -1    
		        C10H24O2_pair_006_082              999999.90       -0.100       -0.100           -1    
		        C10H24O2_pair_007_014              999999.90       -0.100       -0.100           -1    
		        C10H24O2_pair_007_027              999999.90       -0.100       -0.100           -1    
		        C10H24O2_pair_007_035              999999.90       -0.100       -0.100           -1    
		        C10H24O2_pair_007_036              999999.90       -0.100       -0.100           -1    
		        C10H24O2_pair_007_044              999999.90       -0.100       -0.100           -1    
		        C10H24O2_pair_007_051              999999.90       -0.100       -0.100           -1    
		        C10H24O2_pair_007_054              999999.90       -0.100       -0.100           -1    
		        C10H24O2_pair_007_059              999999.90       -0.100       -0.100           -1    
		        C10H24O2_pair_007_066              999999.90       -0.100       -0.100           -1    
		        C10H24O2_pair_007_078              999999.90       -0.100       -0.100           -1    
		        C10H24O2_pair_007_082              999999.90       -0.100       -0.100           -1    
		        C10H24O2_pair_007_091              999999.90       -0.100       -0.100           -1    
		        C10H24O2_pair_008_009              999999.90       -0.100       -0.100           -1    
		        C10H24O2_pair_008_010              999999.90       -0.100       -0.100           -1    
		        C10H24O2_pair_008_013              999999.90       -0.100       -0.100           -1    
		        C10H24O2_pair_008_021              999999.90       -0.100       -0.100           -1    
		        C10H24O2_pair_008_027              999999.90       -0.100       -0.100           -1    
		        C10H24O2_pair_008_060              999999.90       -0.100       -0.100           -1    
		        C10H24O2_pair_008_066              999999.90       -0.100       -0.100           -1    
		        C10H24O2_pair_008_075              999999.90       -0.100       -0.100           -1    
		        C10H24O2_pair_008_099              999999.90       -0.100       -0.100           -1    
		        C10H24O2_pair_009_010              999999.90       -0.100       -0.100           -1    
		        C10H24O2_pair_009_022              999999.90       -0.100       -0.100           -1    
		        C10H24O2_pair_009_031              999999.90       -0.100       -0.100           -1    
		        C10H24O2_pair_009_051              999999.90       -0.100       -0.100           -1    
		        C10H24O2_pair_009_061              999999.90       -0.100       -0.100           -1    
		        C10H24O2_pair_009_063              999999.90       -0.100       -0.100           -1    
		        C10H24O2_pair_009_075              999999.90       -0.100       -0.100           -1    
		        C10H24O2_pair_010_017              999999.90       -0.100       -0.100           -1    
		        C10H24O2_pair_010_018              999999.90       -0.100       -0.100           -1    
		        C10H24O2_pair_010_021              999999.90       -0.100       -0.100           -1    
		        C10H24O2_pair_010_027              999999.90       -0.100       -0.100           -1    
		        C10H24O2_pair_010_034              999999.90       -0.100       -0.100           -1    
		        C10H24O2_pair_010_035              999999.90       -0.100       -0.100           -1    
		        C10H24O2_pair_010_038              999999.90       -0.100       -0.100           -1    
		        C10H24O2_pair_010_067              999999.90       -0.100       -0.100           -1    
		        C10H24O2_pair_010_071              999999.90       -0.100       -0.100           -1    
		        C10H24O2_pair_010_075              999999.90       -0.100       -0.100           -1    
		        C10H24O2_pair_010_093              999999.90       -0.100       -0.100           -1    
		        C10H24O2_pair_011_012              999999.90       -0.100       -0.100           -1    
		        C10H24O2_pair_011_019              999999.90       -0.100       -0.100           -1    
		        C10H24O2_pair_011_036              999999.90       -0.100       -0.100           -1    
		        C10H24O2_pair_011_043              999999.90       -0.100       -0.100           -1    
		        C10H24O2_pair_011_044              999999.90       -0.100       -0.100           -1    
		        C10H24O2_pair_011_046              999999.90       -0.100       -0.100           -1    
		        C10H24O2_pair_011_047              999999.90       -0.100       -0.100           -1    
		        C10H24O2_pair_011_054              999999.90       -0.100       -0.100           -1    
		        C10H24O2_pair_011_056              999999.90       -0.100       -0.100           -1    
		        C10H24O2_pair_011_078              999999.90       -0.100       -0.100           -1    
		        C10H24O2_pair_011_084              999999.90       -0.100       -0.100           -1    
		        C10H24O2_pair_011_087              999999.90       -0.100       -0.100           -1    
		        C10H24O2_pair_012_040              999999.90       -0.100       -0.100           -1    
		        C10H24O2_pair_012_047              999999.90       -0.100       -0.100           -1    
		        C10H24O2_pair_012_048              999999.90       -0.100       -0.100           -1    
		        C10H24O2_pair_012_053              999999.90       -0.100       -0.100           -1    
		        C10H24O2_pair_012_057              999999.90       -0.100       -0.100           -1    
		        C10H24O2_pair_012_058              999999.90       -0.100       -0.100           -1    
		        C10H24O2_pair_012_084              999999.90       -0.100       -0.100           -1    
		        C10H24O2_pair_012_085              999999.90       -0.100       -0.100           -1    
		        C10H24O2_pair_012_086              999999.90       -0.100       -0.100           -1    
		        C10H24O2_pair_012_087              999999.90       -0.100       -0.100           -1    
		        C10H24O2_pair_013_014              999999.90       -0.100       -0.100           -1    
		        C10H24O2_pair_013_021              999999.90       -0.100       -0.100           -1    
		        C10H24O2_pair_013_023              999999.90       -0.100       -0.100           -1    
		        C10H24O2_pair_013_035              999999.90       -0.100       -0.100           -1    
		        C10H24O2_pair_013_045              999999.90       -0.100       -0.100           -1    
		        C10H24O2_pair_013_046              999999.90       -0.100       -0.100           -1    
		        C10H24O2_pair_013_054              999999.90       -0.100       -0.100           -1    
		        C10H24O2_pair_013_062              999999.90       -0.100       -0.100           -1    
		        C10H24O2_pair_013_075              999999.90       -0.100       -0.100           -1    
		        C10H24O2_pair_013_091              999999.90       -0.100       -0.100           -1    
		        C10H24O2_pair_013_096              999999.90       -0.100       -0.100           -1    
		        C10H24O2_pair_013_099              999999.90       -0.100       -0.100           -1    
		        C10H24O2_pair_014_036              999999.90       -0.100       -0.100           -1    
		        C10H24O2_pair_014_051              999999.90       -0.100       -0.100           -1    
		        C10H24O2_pair_014_054              999999.90       -0.100       -0.100           -1    
		        C10H24O2_pair_014_062              999999.90       -0.100       -0.100           -1    
		        C10H24O2_pair_014_064              999999.90       -0.100       -0.100           -1    
		        C10H24O2_pair_014_084              999999.90       -0.100       -0.100           -1    
		        C10H24O2_pair_014_086              999999.90       -0.100       -0.100           -1    
		        C10H24O2_pair_014_091              999999.90       -0.100       -0.100           -1    
		        C10H24O2_pair_014_096              999999.90       -0.100       -0.100           -1    
		        C10H24O2_pair_015_023              999999.90       -0.100       -0.100           -1    
		        C10H24O2_pair_015_043              999999.90       -0.100       -0.100           -1    
		        C10H24O2_pair_015_045              999999.90       -0.100       -0.100           -1    
		        C10H24O2_pair_015_046              999999.90       -0.100       -0.100           -1    
		        C10H24O2_pair_015_062              999999.90       -0.100       -0.100           -1    
		        C10H24O2_pair_015_065              999999.90       -0.100       -0.100           -1    
		        C10H24O2_pair_015_068              999999.90       -0.100       -0.100           -1    
		        C10H24O2_pair_015_084              999999.90       -0.100       -0.100           -1    
		        C10H24O2_pair_015_094              999999.90       -0.100       -0.100           -1    
		        C10H24O2_pair_016_027              999999.90       -0.100       -0.100           -1    
		        C10H24O2_pair_016_034              999999.90       -0.100       -0.100           -1    
		        C10H24O2_pair_016_037              999999.90       -0.100       -0.100           -1    
		        C10H24O2_pair_016_044              999999.90       -0.100       -0.100           -1    
		        C10H24O2_pair_016_072              999999.90       -0.100       -0.100           -1    
		        C10H24O2_pair_016_076              999999.90       -0.100       -0.100           -1    
		        C10H24O2_pair_016_081              999999.90       -0.100       -0.100           -1    
		        C10H24O2_pair_016_082              999999.90       -0.100       -0.100           -1    
		        C10H24O2_pair_016_087              999999.90       -0.100       -0.100           -1    
		        C10H24O2_pair_016_090              999999.90       -0.100       -0.100           -1    
		        C10H24O2_pair_016_092              999999.90       -0.100       -0.100           -1    
		        C10H24O2_pair_016_098              999999.90       -0.100       -0.100           -1    
		        C10H24O2_pair_017_021              999999.90       -0.100       -0.100           -1    
		        C10H24O2_pair_017_035              999999.90       -0.100       -0.100           -1    
		        C10H24O2_pair_017_038              999999.90       -0.100       -0.100           -1    
		        C10H24O2_pair_017_046              999999.90       -0.100       -0.100           -1    
		        C10H24O2_pair_017_054              999999.90       -0.100       -0.100           -1    
		        C10H24O2_pair_017_067              999999.90       -0.100       -0.100           -1    
		        C10H24O2_pair_017_071              999999.90       -0.100       -0.100           -1    
		        C10H24O2_pair_017_081              999999.90       -0.100       -0.100           -1    
		        C10H24O2_pair_017_082              999999.90       -0.100       -0.100           -1    
		        C10H24O2_pair_017_088              999999.90       -0.100       -0.100           -1    
		        C10H24O2_pair_017_094              999999.90       -0.100       -0.100           -1    
		        C10H24O2_pair_017_098              999999.90       -0.100       -0.100           -1    
		        C10H24O2_pair_018_033              999999.90       -0.100       -0.100           -1    
		        C10H24O2_pair_018_034              999999.90       -0.100       -0.100           -1    
		        C10H24O2_pair_018_038              999999.90       -0.100       -0.100           -1    
		        C10H24O2_pair_018_067              999999.90       -0.100       -0.100           -1    
		        C10H24O2_pair_018_069              999999.90       -0.100       -0.100           -1    
		        C10H24O2_pair_018_071              999999.90       -0.100       -0.100           -1    
		        C10H24O2_pair_018_073              999999.90       -0.100       -0.100           -1    
		        C10H24O2_pair_018_080              999999.90       -0.100       -0.100           -1    
		        C10H24O2_pair_018_093              999999.90       -0.100       -0.100           -1    
		        C10H24O2_pair_019_024              999999.90       -0.100       -0.100           -1    
		        C10H24O2_pair_019_032              999999.90       -0.100       -0.100           -1    
		        C10H24O2_pair_019_042              999999.90       -0.100       -0.100           -1    
		        C10H24O2_pair_019_050              999999.90       -0.100       -0.100           -1    
		        C10H24O2_pair_019_053              999999.90       -0.100       -0.100           -1    
		        C10H24O2_pair_019_056              999999.90       -0.100       -0.100           -1    
		        C10H24O2_pair_019_084              999999.90       -0.100       -0.100           -1    
		        C10H24O2_pair_019_095              999999.90       -0.100       -0.100           -1    
		        C10H24O2_pair_020_027              999999.90       -0.100       -0.100           -1    
		        C10H24O2_pair_020_033              999999.90       -0.100       -0.100           -1    
		        C10H24O2_pair_020_041              999999.90       -0.100       -0.100           -1    
		        C10H24O2_pair_020_047              999999.90       -0.100       -0.100           -1    
		        C10H24O2_pair_020_049              999999.90       -0.100       -0.100           -1    
		        C10H24O2_pair_020_060              999999.90       -0.100       -0.100           -1    
		        C10H24O2_pair_020_066              999999.90       -0.100       -0.100           -1    
		        C10H24O2_pair_020_069              999999.90       -0.100       -0.100           -1    
		        C10H24O2_pair_020_077              999999.90       -0.100       -0.100           -1    
		        C10H24O2_pair_020_078              999999.90       -0.100       -0.100           -1    
		        C10H24O2_pair_020_080              999999.90       -0.100       -0.100           -1    
		        C10H24O2_pair_021_034              999999.90       -0.100       -0.100           -1    
		        C10H24O2_pair_021_035              999999.90       -0.100       -0.100           -1    
		        C10H24O2_pair_021_045              999999.90       -0.100       -0.100           -1    
		        C10H24O2_pair_021_046              999999.90       -0.100       -0.100           -1    
		        C10H24O2_pair_021_060              999999.90       -0.100       -0.100           -1    
		        C10H24O2_pair_021_071              999999.90       -0.100       -0.100           -1    
		        C10H24O2_pair_021_079              999999.90       -0.100       -0.100           -1    
		        C10H24O2_pair_021_094              999999.90       -0.100       -0.100           -1    
		        C10H24O2_pair_022_025              999999.90       -0.100       -0.100           -1    
		        C10H24O2_pair_022_031              999999.90       -0.100       -0.100           -1    
		        C10H24O2_pair_022_037              999999.90       -0.100       -0.100           -1    
		        C10H24O2_pair_022_040              999999.90       -0.100       -0.100           -1    
		        C10H24O2_pair_022_057              999999.90       -0.100       -0.100           -1    
		        C10H24O2_pair_022_061              999999.90       -0.100       -0.100           -1    
		        C10H24O2_pair_022_075              999999.90       -0.100       -0.100           -1    
		        C10H24O2_pair_022_087              999999.90       -0.100       -0.100           -1    
		        C10H24O2_pair_022_092              999999.90       -0.100       -0.100           -1    
		        C10H24O2_pair_023_025              999999.90       -0.100       -0.100           -1    
		        C10H24O2_pair_023_055              999999.90       -0.100       -0.100           -1    
		        C10H24O2_pair_023_062              999999.90       -0.100       -0.100           -1    
		        C10H24O2_pair_023_065              999999.90       -0.100       -0.100           -1    
		        C10H24O2_pair_023_068              999999.90       -0.100       -0.100           -1    
		        C10H24O2_pair_023_075              999999.90       -0.100       -0.100           -1    
		        C10H24O2_pair_023_091              999999.90       -0.100       -0.100           -1    
		        C10H24O2_pair_023_094              999999.90       -0.100       -0.100           -1    
		        C10H24O2_pair_023_099              999999.90       -0.100       -0.100           -1    
		        C10H24O2_pair_024_032              999999.90       -0.100       -0.100           -1    
		        C10H24O2_pair_024_038              999999.90       -0.100       -0.100           -1    
		        C10H24O2_pair_024_042              999999.90       -0.100       -0.100           -1    
		        C10H24O2_pair_024_043              999999.90       -0.100       -0.100           -1    
		        C10H24O2_pair_024_049              999999.90       -0.100       -0.100           -1    
		        C10H24O2_pair_024_050              999999.90       -0.100       -0.100           -1    
		        C10H24O2_pair_024_056              999999.90       -0.100       -0.100           -1    
		        C10H24O2_pair_024_088              999999.90       -0.100       -0.100           -1    
		        C10H24O2_pair_024_089              999999.90       -0.100       -0.100           -1    
		        C10H24O2_pair_025_037              999999.90       -0.100       -0.100           -1    
		        C10H24O2_pair_025_040              999999.90       -0.100       -0.100           -1    
		        C10H24O2_pair_025_055              999999.90       -0.100       -0.100           -1    
		        C10H24O2_pair_025_061              999999.90       -0.100       -0.100           -1    
		        C10H24O2_pair_025_065              999999.90       -0.100       -0.100           -1    
		        C10H24O2_pair_025_075              999999.90       -0.100       -0.100           -1    
		        C10H24O2_pair_025_085              999999.90       -0.100       -0.100           -1    
		        C10H24O2_pair_025_094              999999.90       -0.100       -0.100           -1    
		        C10H24O2_pair_026_028              999999.90       -0.100       -0.100           -1    
		        C10H24O2_pair_026_029              999999.90       -0.100       -0.100           -1    
		        C10H24O2_pair_026_031              999999.90       -0.100       -0.100           -1    
		        C10H24O2_pair_026_053              999999.90       -0.100       -0.100           -1    
		        C10H24O2_pair_026_059              999999.90       -0.100       -0.100           -1    
		        C10H24O2_pair_026_063              999999.90       -0.100       -0.100           -1    
		        C10H24O2_pair_026_064              999999.90       -0.100       -0.100           -1    
		        C10H24O2_pair_026_067              999999.90       -0.100       -0.100           -1    
		        C10H24O2_pair_026_070              999999.90       -0.100       -0.100           -1    
		        C10H24O2_pair_026_072              999999.90       -0.100       -0.100           -1    
		        C10H24O2_pair_026_089              999999.90       -0.100       -0.100           -1    
		        C10H24O2_pair_026_095              999999.90       -0.100       -0.100           -1    
		        C10H24O2_pair_026_098              999999.90       -0.100       -0.100           -1    
		        C10H24O2_pair_027_034              999999.90       -0.100       -0.100           -1    
		        C10H24O2_pair_027_044              999999.90       -0.100       -0.100           -1    
		        C10H24O2_pair_027_047              999999.90       -0.100       -0.100           -1    
		        C10H24O2_pair_027_051              999999.90       -0.100       -0.100           -1    
		        C10H24O2_pair_027_060              999999.90       -0.100       -0.100           -1    
		        C10H24O2_pair_027_066              999999.90       -0.100       -0.100           -1    
		        C10H24O2_pair_027_082              999999.90       -0.100       -0.100           -1    
		        C10H24O2_pair_028_031              999999.90       -0.100       -0.100           -1    
		        C10H24O2_pair_028_032              999999.90       -0.100       -0.100           -1    
		        C10H24O2_pair_028_048              999999.90       -0.100       -0.100           -1    
		        C10H24O2_pair_028_052              999999.90       -0.100       -0.100           -1    
		        C10H24O2_pair_028_053              999999.90       -0.100       -0.100           -1    
		        C10H24O2_pair_028_056              999999.90       -0.100       -0.100           -1    
		        C10H24O2_pair_028_061              999999.90       -0.100       -0.100           -1    
		        C10H24O2_pair_028_063              999999.90       -0.100       -0.100           -1    
		        C10H24O2_pair_028_076              999999.90       -0.100       -0.100           -1    
		        C10H24O2_pair_028_092              999999.90       -0.100       -0.100           -1    
		        C10H24O2_pair_028_095              999999.90       -0.100       -0.100           -1    
		        C10H24O2_pair_029_036              999999.90       -0.100       -0.100           -1    
		        C10H24O2_pair_029_053              999999.90       -0.100       -0.100           -1    
		        C10H24O2_pair_029_058              999999.90       -0.100       -0.100           -1    
		        C10H24O2_pair_029_064              999999.90       -0.100       -0.100           -1    
		        C10H24O2_pair_029_072              999999.90       -0.100       -0.100           -1    
		        C10H24O2_pair_029_080              999999.90       -0.100       -0.100           -1    
		        C10H24O2_pair_029_086              999999.90       -0.100       -0.100           -1    
		        C10H24O2_pair_029_089              999999.90       -0.100       -0.100           -1    
		        C10H24O2_pair_029_095              999999.90       -0.100       -0.100           -1    
		        C10H24O2_pair_029_098              999999.90       -0.100       -0.100           -1    
		        C10H24O2_pair_030_039              999999.90       -0.100       -0.100           -1    
		        C10H24O2_pair_030_041              999999.90       -0.100       -0.100           -1    
		        C10H24O2_pair_030_048              999999.90       -0.100       -0.100           -1    
		        C10H24O2_pair_030_050              999999.90       -0.100       -0.100           -1    
		        C10H24O2_pair_030_063              999999.90       -0.100       -0.100           -1    
		        C10H24O2_pair_030_070              999999.90       -0.100       -0.100           -1    
		        C10H24O2_pair_030_083              999999.90       -0.100       -0.100           -1    
		        C10H24O2_pair_030_085              999999.90       -0.100       -0.100           -1    
		        C10H24O2_pair_030_093              999999.90       -0.100       -0.100           -1    
		        C10H24O2_pair_030_097              999999.90       -0.100       -0.100           -1    
		        C10H24O2_pair_031_051              999999.90       -0.100       -0.100           -1    
		        C10H24O2_pair_031_052              999999.90       -0.100       -0.100           -1    
		        C10H24O2_pair_031_057              999999.90       -0.100       -0.100           -1    
		        C10H24O2_pair_031_059              999999.90       -0.100       -0.100           -1    
		        C10H24O2_pair_031_063              999999.90       -0.100       -0.100           -1    
		        C10H24O2_pair_031_082              999999.90       -0.100       -0.100           -1    
		        C10H24O2_pair_031_092              999999.90       -0.100       -0.100           -1    
		        C10H24O2_pair_032_042              999999.90       -0.100       -0.100           -1    
		        C10H24O2_pair_032_056              999999.90       -0.100       -0.100           -1    
		        C10H24O2_pair_032_081              999999.90       -0.100       -0.100           -1    
		        C10H24O2_pair_032_088              999999.90       -0.100       -0.100           -1    
		        C10H24O2_pair_032_089              999999.90       -0.100       -0.100           -1    
		        C10H24O2_pair_032_090              999999.90       -0.100       -0.100           -1    
		        C10H24O2_pair_032_092              999999.90       -0.100       -0.100           -1    
		        C10H24O2_pair_032_095              999999.90       -0.100       -0.100           -1    
		        C10H24O2_pair_033_038              999999.90       -0.100       -0.100           -1    
		        C10H24O2_pair_033_039              999999.90       -0.100       -0.100           -1    
		        C10H24O2_pair_033_049              999999.90       -0.100       -0.100           -1    
		        C10H24O2_pair_033_066              999999.90       -0.100       -0.100           -1    
		        C10H24O2_pair_033_073              999999.90       -0.100       -0.100           -1    
		        C10H24O2_pair_033_077              999999.90       -0.100       -0.100           -1    
		        C10H24O2_pair_033_080              999999.90       -0.100       -0.100           -1    
		        C10H24O2_pair_034_037              999999.90       -0.100       -0.100           -1    
		        C10H24O2_pair_034_060              999999.90       -0.100       -0.100           -1    
		        C10H24O2_pair_034_071              999999.90       -0.100       -0.100           -1    
		        C10H24O2_pair_034_072              999999.90       -0.100       -0.100           -1    
		        C10H24O2_pair_034_076              999999.90       -0.100       -0.100           -1    
		        C10H24O2_pair_034_090              999999.90       -0.100       -0.100           -1    
		        C10H24O2_pair_035_046              999999.90       -0.100       -0.100           -1    
		        C10H24O2_pair_035_055              999999.90       -0.100       -0.100           -1    
		        C10H24O2_pair_035_059              999999.90       -0.100       -0.100           -1    
		        C10H24O2_pair_035_067              999999.90       -0.100       -0.100           -1    
		        C10H24O2_pair_035_075              999999.90       -0.100       -0.100           -1    
		        C10H24O2_pair_035_082              999999.90       -0.100       -0.100           -1    
		        C10H24O2_pair_035_091              999999.90       -0.100       -0.100           -1    
		        C10H24O2_pair_035_093              999999.90       -0.100       -0.100           -1    
		        C10H24O2_pair_035_098              999999.90       -0.100       -0.100           -1    
		        C10H24O2_pair_036_043              999999.90       -0.100       -0.100           -1    
		        C10H24O2_pair_036_054              999999.90       -0.100       -0.100           -1    
		        C10H24O2_pair_036_056              999999.90       -0.100       -0.100           -1    
		        C10H24O2_pair_036_066              999999.90       -0.100       -0.100           -1    
		        C10H24O2_pair_036_078              999999.90       -0.100       -0.100           -1    
		        C10H24O2_pair_036_080              999999.90       -0.100       -0.100           -1    
		        C10H24O2_pair_036_086              999999.90       -0.100       -0.100           -1    
		        C10H24O2_pair_036_089              999999.90       -0.100       -0.100           -1    
		        C10H24O2_pair_036_096              999999.90       -0.100       -0.100           -1    
		        C10H24O2_pair_037_040              999999.90       -0.100       -0.100           -1    
		        C10H24O2_pair_037_044              999999.90       -0.100       -0.100           -1    
		        C10H24O2_pair_037_060              999999.90       -0.100       -0.100           -1    
		        C10H24O2_pair_037_061              999999.90       -0.100       -0.100           -1    
		        C10H24O2_pair_037_071              999999.90       -0.100       -0.100           -1    
		        C10H24O2_pair_037_074              999999.90       -0.100       -0.100           -1    
		        C10H24O2_pair_037_076              999999.90       -0.100       -0.100           -1    
		        C10H24O2_pair_037_079              999999.90       -0.100       -0.100           -1    
		        C10H24O2_pair_037_094              999999.90       -0.100       -0.100           -1    
		        C10H24O2_pair_038_042              999999.90       -0.100       -0.100           -1    
		        C10H24O2_pair_038_049              999999.90       -0.100       -0.100           -1    
		        C10H24O2_pair_038_067              999999.90       -0.100       -0.100           -1    
		        C10H24O2_pair_038_071              999999.90       -0.100       -0.100           -1    
		        C10H24O2_pair_038_074              999999.90       -0.100       -0.100           -1    
		        C10H24O2_pair_038_088              999999.90       -0.100       -0.100           -1    
		        C10H24O2_pair_039_058              999999.90       -0.100       -0.100           -1    
		        C10H24O2_pair_039_063              999999.90       -0.100       -0.100           -1    
		        C10H24O2_pair_039_066              999999.90       -0.100       -0.100           -1    
		        C10H24O2_pair_039_070              999999.90       -0.100       -0.100           -1    
		        C10H24O2_pair_039_073              999999.90       -0.100       -0.100           -1    
		        C10H24O2_pair_039_085              999999.90       -0.100       -0.100           -1    
		        C10H24O2_pair_039_093              999999.90       -0.100       -0.100           -1    
		        C10H24O2_pair_039_097              999999.90       -0.100       -0.100           -1    
		        C10H24O2_pair_039_099              999999.90       -0.100       -0.100           -1    
		        C10H24O2_pair_040_041              999999.90       -0.100       -0.100           -1    
		        C10H24O2_pair_040_044              999999.90       -0.100       -0.100           -1    
		        C10H24O2_pair_040_047              999999.90       -0.100       -0.100           -1    
		        C10H24O2_pair_040_048              999999.90       -0.100       -0.100           -1    
		        C10H24O2_pair_040_060              999999.90       -0.100       -0.100           -1    
		        C10H24O2_pair_040_065              999999.90       -0.100       -0.100           -1    
		        C10H24O2_pair_040_079              999999.90       -0.100       -0.100           -1    
		        C10H24O2_pair_040_085              999999.90       -0.100       -0.100           -1    
		        C10H24O2_pair_041_047              999999.90       -0.100       -0.100           -1    
		        C10H24O2_pair_041_048              999999.90       -0.100       -0.100           -1    
		        C10H24O2_pair_041_049              999999.90       -0.100       -0.100           -1    
		        C10H24O2_pair_041_050              999999.90       -0.100       -0.100           -1    
		        C10H24O2_pair_041_065              999999.90       -0.100       -0.100           -1    
		        C10H24O2_pair_041_069              999999.90       -0.100       -0.100           -1    
		        C10H24O2_pair_041_077              999999.90       -0.100       -0.100           -1    
		        C10H24O2_pair_041_079              999999.90       -0.100       -0.100           -1    
		        C10H24O2_pair_041_085              999999.90       -0.100       -0.100           -1    
		        C10H24O2_pair_041_097              999999.90       -0.100       -0.100           -1    
		        C10H24O2_pair_042_050              999999.90       -0.100       -0.100           -1    
		        C10H24O2_pair_042_068              999999.90       -0.100       -0.100           -1    
		        C10H24O2_pair_042_074              999999.90       -0.100       -0.100           -1    
		        C10H24O2_pair_042_081              999999.90       -0.100       -0.100           -1    
		        C10H24O2_pair_042_083              999999.90       -0.100       -0.100           -1    
		        C10H24O2_pair_042_088              999999.90       -0.100       -0.100           -1    
		        C10H24O2_pair_042_092              999999.90       -0.100       -0.100           -1    
		        C10H24O2_pair_043_045              999999.90       -0.100       -0.100           -1    
		        C10H24O2_pair_043_049              999999.90       -0.100       -0.100           -1    
		        C10H24O2_pair_043_054              999999.90       -0.100       -0.100           -1    
		        C10H24O2_pair_043_077              999999.90       -0.100       -0.100           -1    
		        C10H24O2_pair_043_089              999999.90       -0.100       -0.100           -1    
		        C10H24O2_pair_043_096              999999.90       -0.100       -0.100           -1    
		        C10H24O2_pair_044_047              999999.90       -0.100       -0.100           -1    
		        C10H24O2_pair_044_054              999999.90       -0.100       -0.100           -1    
		        C10H24O2_pair_044_060              999999.90       -0.100       -0.100           -1    
		        C10H24O2_pair_044_078              999999.90       -0.100       -0.100           -1    
		        C10H24O2_pair_044_081              999999.90       -0.100       -0.100           -1    
		        C10H24O2_pair_044_082              999999.90       -0.100       -0.100           -1    
		        C10H24O2_pair_044_087              999999.90       -0.100       -0.100           -1    
		        C10H24O2_pair_045_046              999999.90       -0.100       -0.100           -1    
		        C10H24O2_pair_045_049              999999.90       -0.100       -0.100           -1    
		        C10H24O2_pair_045_054              999999.90       -0.100       -0.100           -1    
		        C10H24O2_pair_045_065              999999.90       -0.100       -0.100           -1    
		        C10H24O2_pair_045_077              999999.90       -0.100       -0.100           -1    
		        C10H24O2_pair_045_079              999999.90       -0.100       -0.100           -1    
		        C10H24O2_pair_045_096              999999.90       -0.100       -0.100           -1    
		        C10H24O2_pair_045_099              999999.90       -0.100       -0.100           -1    
		        C10H24O2_pair_046_054              999999.90       -0.100       -0.100           -1    
		        C10H24O2_pair_046_081              999999.90       -0.100       -0.100           -1    
		        C10H24O2_pair_046_094              999999.90       -0.100       -0.100           -1    
		        C10H24O2_pair_047_048              999999.90       -0.100       -0.100           -1    
		        C10H24O2_pair_047_056              999999.90       -0.100       -0.100           -1    
		        C10H24O2_pair_047_060              999999.90       -0.100       -0.100           -1    
		        C10H24O2_pair_047_069              999999.90       -0.100       -0.100           -1    
		        C10H24O2_pair_047_078              999999.90       -0.100       -0.100           -1    
		        C10H24O2_pair_048_053              999999.90       -0.100       -0.100           -1    
		        C10H24O2_pair_048_056              999999.90       -0.100       -0.100           -1    
		        C10H24O2_pair_048_058              999999.90       -0.100       -0.100           -1    
		        C10H24O2_pair_048_063              999999.90       -0.100       -0.100           -1    
		        C10H24O2_pair_048_069              999999.90       -0.100       -0.100           -1    
		        C10H24O2_pair_048_085              999999.90       -0.100       -0.100           -1    
		        C10H24O2_pair_049_050              999999.90       -0.100       -0.100           -1    
		        C10H24O2_pair_049_065              999999.90       -0.100       -0.100           -1    
		        C10H24O2_pair_049_069              999999.90       -0.100       -0.100           -1    
		        C10H24O2_pair_049_071              999999.90       -0.100       -0.100           -1    
		        C10H24O2_pair_049_077              999999.90       -0.100       -0.100           -1    
		        C10H24O2_pair_050_065              999999.90       -0.100       -0.100           -1    
		        C10H24O2_pair_050_070              999999.90       -0.100       -0.100           -1    
		        C10H24O2_pair_050_083              999999.90       -0.100       -0.100           -1    
		        C10H24O2_pair_050_095              999999.90       -0.100       -0.100           -1    
		        C10H24O2_pair_050_097              999999.90       -0.100       -0.100           -1    
		        C10H24O2_pair_051_052              999999.90       -0.100       -0.100           -1    
		        C10H24O2_pair_051_057              999999.90       -0.100       -0.100           -1    
		        C10H24O2_pair_051_059              999999.90       -0.100       -0.100           -1    
		        C10H24O2_pair_051_082              999999.90       -0.100       -0.100           -1    
		        C10H24O2_pair_051_086              999999.90       -0.100       -0.100           -1    
		        C10H24O2_pair_051_091              999999.90       -0.100       -0.100           -1    
		        C10H24O2_pair_052_057              999999.90       -0.100       -0.100           -1    
		        C10H24O2_pair_052_059              999999.90       -0.100       -0.100           -1    
		        C10H24O2_pair_052_062              999999.90       -0.100       -0.100           -1    
		        C10H24O2_pair_052_068              999999.90       -0.100       -0.100           -1    
		        C10H24O2_pair_052_083              999999.90       -0.100       -0.100           -1    
		        C10H24O2_pair_052_091              999999.90       -0.100       -0.100           -1    
		        C10H24O2_pair_052_092              999999.90       -0.100       -0.100           -1    
		        C10H24O2_pair_052_095              999999.90       -0.100       -0.100           -1    
		        C10H24O2_pair_053_056              999999.90       -0.100       -0.100           -1    
		        C10H24O2_pair_053_058              999999.90       -0.100       -0.100           -1    
		        C10H24O2_pair_053_063              999999.90       -0.100       -0.100           -1    
		        C10H24O2_pair_053_095              999999.90       -0.100       -0.100           -1    
		        C10H24O2_pair_054_081              999999.90       -0.100       -0.100           -1    
		        C10H24O2_pair_054_082              999999.90       -0.100       -0.100           -1    
		        C10H24O2_pair_054_096              999999.90       -0.100       -0.100           -1    
		        C10H24O2_pair_055_059              999999.90       -0.100       -0.100           -1    
		        C10H24O2_pair_055_067              999999.90       -0.100       -0.100           -1    
		        C10H24O2_pair_055_068              999999.90       -0.100       -0.100           -1    
		        C10H24O2_pair_055_070              999999.90       -0.100       -0.100           -1    
		        C10H24O2_pair_055_074              999999.90       -0.100       -0.100           -1    
		        C10H24O2_pair_055_075              999999.90       -0.100       -0.100           -1    
		        C10H24O2_pair_055_083              999999.90       -0.100       -0.100           -1    
		        C10H24O2_pair_055_091              999999.90       -0.100       -0.100           -1    
		        C10H24O2_pair_055_093              999999.90       -0.100       -0.100           -1    
		        C10H24O2_pair_056_069              999999.90       -0.100       -0.100           -1    
		        C10H24O2_pair_056_078              999999.90       -0.100       -0.100           -1    
		        C10H24O2_pair_056_089              999999.90       -0.100       -0.100           -1    
		        C10H24O2_pair_056_090              999999.90       -0.100       -0.100           -1    
		        C10H24O2_pair_057_062              999999.90       -0.100       -0.100           -1    
		        C10H24O2_pair_057_084              999999.90       -0.100       -0.100           -1    
		        C10H24O2_pair_057_086              999999.90       -0.100       -0.100           -1    
		        C10H24O2_pair_057_087              999999.90       -0.100       -0.100           -1    
		        C10H24O2_pair_058_063              999999.90       -0.100       -0.100           -1    
		        C10H24O2_pair_058_066              999999.90       -0.100       -0.100           -1    
		        C10H24O2_pair_058_072              999999.90       -0.100       -0.100           -1    
		        C10H24O2_pair_058_085              999999.90       -0.100       -0.100           -1    
		        C10H24O2_pair_058_086              999999.90       -0.100       -0.100           -1    
		        C10H24O2_pair_059_067              999999.90       -0.100       -0.100           -1    
		        C10H24O2_pair_059_068              999999.90       -0.100       -0.100           -1    
		        C10H24O2_pair_059_070              999999.90       -0.100       -0.100           -1    
		        C10H24O2_pair_059_082              999999.90       -0.100       -0.100           -1    
		        C10H24O2_pair_059_083              999999.90       -0.100       -0.100           -1    
		        C10H24O2_pair_059_091              999999.90       -0.100       -0.100           -1    
		        C10H24O2_pair_059_095              999999.90       -0.100       -0.100           -1    
		        C10H24O2_pair_060_071              999999.90       -0.100       -0.100           -1    
		        C10H24O2_pair_060_077              999999.90       -0.100       -0.100           -1    
		        C10H24O2_pair_060_079              999999.90       -0.100       -0.100           -1    
		        C10H24O2_pair_061_063              999999.90       -0.100       -0.100           -1    
		        C10H24O2_pair_061_074              999999.90       -0.100       -0.100           -1    
		        C10H24O2_pair_061_075              999999.90       -0.100       -0.100           -1    
		        C10H24O2_pair_061_076              999999.90       -0.100       -0.100           -1    
		        C10H24O2_pair_061_083              999999.90       -0.100       -0.100           -1    
		        C10H24O2_pair_061_092              999999.90       -0.100       -0.100           -1    
		        C10H24O2_pair_061_093              999999.90       -0.100       -0.100           -1    
		        C10H24O2_pair_062_064              999999.90       -0.100       -0.100           -1    
		        C10H24O2_pair_062_068              999999.90       -0.100       -0.100           -1    
		        C10H24O2_pair_062_084              999999.90       -0.100       -0.100           -1    
		        C10H24O2_pair_062_091              999999.90       -0.100       -0.100           -1    
		        C10H24O2_pair_062_096              999999.90       -0.100       -0.100           -1    
		        C10H24O2_pair_062_097              999999.90       -0.100       -0.100           -1    
		        C10H24O2_pair_063_072              999999.90       -0.100       -0.100           -1    
		        C10H24O2_pair_064_070              999999.90       -0.100       -0.100           -1    
		        C10H24O2_pair_064_073              999999.90       -0.100       -0.100           -1    
		        C10H24O2_pair_064_084              999999.90       -0.100       -0.100           -1    
		        C10H24O2_pair_064_089              999999.90       -0.100       -0.100           -1    
		        C10H24O2_pair_064_095              999999.90       -0.100       -0.100           -1    
		        C10H24O2_pair_064_096              999999.90       -0.100       -0.100           -1    
		        C10H24O2_pair_064_097              999999.90       -0.100       -0.100           -1    
		        C10H24O2_pair_065_079              999999.90       -0.100       -0.100           -1    
		        C10H24O2_pair_065_085              999999.90       -0.100       -0.100           -1    
		        C10H24O2_pair_065_094              999999.90       -0.100       -0.100           -1    
		        C10H24O2_pair_065_097              999999.90       -0.100       -0.100           -1    
		        C10H24O2_pair_066_078              999999.90       -0.100       -0.100           -1    
		        C10H24O2_pair_066_080              999999.90       -0.100       -0.100           -1    
		        C10H24O2_pair_066_086              999999.90       -0.100       -0.100           -1    
		        C10H24O2_pair_067_070              999999.90       -0.100       -0.100           -1    
		        C10H24O2_pair_067_088              999999.90       -0.100       -0.100           -1    
		        C10H24O2_pair_067_089              999999.90       -0.100       -0.100           -1    
		        C10H24O2_pair_067_093              999999.90       -0.100       -0.100           -1    
		        C10H24O2_pair_067_098              999999.90       -0.100       -0.100           -1    
		        C10H24O2_pair_068_074              999999.90       -0.100       -0.100           -1    
		        C10H24O2_pair_068_083              999999.90       -0.100       -0.100           -1    
		        C10H24O2_pair_068_087              999999.90       -0.100       -0.100           -1    
		        C10H24O2_pair_068_091              999999.90       -0.100       -0.100           -1    
		        C10H24O2_pair_068_092              999999.90       -0.100       -0.100           -1    
		        C10H24O2_pair_068_094              999999.90       -0.100       -0.100           -1    
		        C10H24O2_pair_069_071              999999.90       -0.100       -0.100           -1    
		        C10H24O2_pair_069_076              999999.90       -0.100       -0.100           -1    
		        C10H24O2_pair_069_078              999999.90       -0.100       -0.100           -1    
		        C10H24O2_pair_069_080              999999.90       -0.100       -0.100           -1    
		        C10H24O2_pair_069_090              999999.90       -0.100       -0.100           -1    
		        C10H24O2_pair_070_073              999999.90       -0.100       -0.100           -1    
		        C10H24O2_pair_070_083              999999.90       -0.100       -0.100           -1    
		        C10H24O2_pair_070_093              999999.90       -0.100       -0.100           -1    
		        C10H24O2_pair_070_095              999999.90       -0.100       -0.100           -1    
		        C10H24O2_pair_070_097              999999.90       -0.100       -0.100           -1    
		        C10H24O2_pair_071_074              999999.90       -0.100       -0.100           -1    
		        C10H24O2_pair_071_076              999999.90       -0.100       -0.100           -1    
		        C10H24O2_pair_072_080              999999.90       -0.100       -0.100           -1    
		        C10H24O2_pair_072_082              999999.90       -0.100       -0.100           -1    
		        C10H24O2_pair_072_090              999999.90       -0.100       -0.100           -1    
		        C10H24O2_pair_072_098              999999.90       -0.100       -0.100           -1    
		        C10H24O2_pair_073_093              999999.90       -0.100       -0.100           -1    
		        C10H24O2_pair_073_096              999999.90       -0.100       -0.100           -1    
		        C10H24O2_pair_073_097              999999.90       -0.100       -0.100           -1    
		        C10H24O2_pair_073_099              999999.90       -0.100       -0.100           -1    
		        C10H24O2_pair_074_083              999999.90       -0.100       -0.100           -1    
		        C10H24O2_pair_074_088              999999.90       -0.100       -0.100           -1    
		        C10H24O2_pair_074_094              999999.90       -0.100       -0.100           -1    
		        C10H24O2_pair_075_093              999999.90       -0.100       -0.100           -1    
		        C10H24O2_pair_076_090              999999.90       -0.100       -0.100           -1    
		        C10H24O2_pair_076_092              999999.90       -0.100       -0.100           -1    
		        C10H24O2_pair_077_079              999999.90       -0.100       -0.100           -1    
		        C10H24O2_pair_077_096              999999.90       -0.100       -0.100           -1    
		        C10H24O2_pair_078_080              999999.90       -0.100       -0.100           -1    
		        C10H24O2_pair_078_090              999999.90       -0.100       -0.100           -1    
		        C10H24O2_pair_079_094              999999.90       -0.100       -0.100           -1    
		        C10H24O2_pair_080_089              999999.90       -0.100       -0.100           -1    
		        C10H24O2_pair_080_090              999999.90       -0.100       -0.100           -1    
		        C10H24O2_pair_081_082              999999.90       -0.100       -0.100           -1    
		        C10H24O2_pair_081_087              999999.90       -0.100       -0.100           -1    
		        C10H24O2_pair_081_088              999999.90       -0.100       -0.100           -1    
		        C10H24O2_pair_081_090              999999.90       -0.100       -0.100           -1    
		        C10H24O2_pair_081_092              999999.90       -0.100       -0.100           -1    
		        C10H24O2_pair_081_094              999999.90       -0.100       -0.100           -1    
		        C10H24O2_pair_082_098              999999.90       -0.100       -0.100           -1    
		        C10H24O2_pair_083_093              999999.90       -0.100       -0.100           -1    
		        C10H24O2_pair_083_095              999999.90       -0.100       -0.100           -1    
		        C10H24O2_pair_084_086              999999.90       -0.100       -0.100           -1    
		        C10H24O2_pair_084_087              999999.90       -0.100       -0.100           -1    
		        C10H24O2_pair_085_086              999999.90       -0.100       -0.100           -1    
		        C10H24O2_pair_085_097              999999.90       -0.100       -0.100           -1    
		        C10H24O2_pair_085_099              999999.90       -0.100       -0.100           -1    
		        C10H24O2_pair_087_092              999999.90       -0.100       -0.100           -1    
		        C10H24O2_pair_088_094              999999.90       -0.100       -0.100           -1    
		        C10H24O2_pair_088_098              999999.90       -0.100       -0.100           -1    
		        C10H24O2_pair_089_090              999999.90       -0.100       -0.100           -1    
		        C10H24O2_pair_089_096              999999.90       -0.100       -0.100           -1    
		        C10H24O2_pair_089_098              999999.90       -0.100       -0.100           -1    
		        C10H24O2_pair_090_098              999999.90       -0.100       -0.100           -1    
		        C10H24O2_pair_096_097              999999.90       -0.100       -0.100           -1    
		        C10H24O2_pair_096_099              999999.90       -0.100       -0.100           -1    
		        C10H24O2_pair_097_099              999999.90       -0.100       -0.100           -1    

